<?xml version="1.0" encoding="UTF-8"?>
<?xml-stylesheet type="text/xsl" href="ivy-report.xsl"?>
<ivy-report version="1.0">
	<info
		organisation="com.bitmotif"
		module="elementize$sources_javadoc_2.10"
		revision="0.1-SNAPSHOT"
		conf="test"
		confs="compile, runtime, test, provided, optional, compile-internal, runtime-internal, test-internal, plugin, sources, docs, pom"
		date="20130203184327"/>
	<dependencies>
		<module organisation="org.scalatest" name="scalatest_2.10">
			<revision name="1.9.1" status="release" pubdate="20121222125935" resolver="public" artresolver="public" homepage="http://www.scalatest.org" downloaded="false" searched="false" default="false" conf="default(compile), default, compile, runtime, master" position="1">
				<license name="the Apache License, ASL Version 2.0" url="http://www.apache.org/licenses/LICENSE-2.0"/>
				<metadata-artifact status="no" details="" size="4873" time="0" location="/Users/pjberry/.ivy2/cache/org.scalatest/scalatest_2.10/ivy-1.9.1.xml" searched="false" origin-is-local="false" origin-location="http://repo1.maven.org/maven2/org/scalatest/scalatest_2.10/1.9.1/scalatest_2.10-1.9.1.pom"/>
				<caller organisation="com.bitmotif" name="elementize$sources_javadoc_2.10" conf="test, compile, runtime" rev="1.9.1" rev-constraint-default="1.9.1" rev-constraint-dynamic="1.9.1" callerrev="0.1-SNAPSHOT"/>
				<artifacts>
					<artifact name="scalatest_2.10" type="src" ext="jar" extra-classifier="sources" status="successful" details="" size="773075" time="590" location="/Users/pjberry/.ivy2/cache/org.scalatest/scalatest_2.10/srcs/scalatest_2.10-1.9.1-sources.jar">
						<origin-location is-local="false" location="http://repo1.maven.org/maven2/org/scalatest/scalatest_2.10/1.9.1/scalatest_2.10-1.9.1-sources.jar"/>
					</artifact>
					<artifact name="scalatest_2.10" type="jar" ext="jar" status="no" details="" size="3114958" time="0" location="/Users/pjberry/.ivy2/cache/org.scalatest/scalatest_2.10/jars/scalatest_2.10-1.9.1.jar">
						<origin-location is-local="false" location="http://repo1.maven.org/maven2/org/scalatest/scalatest_2.10/1.9.1/scalatest_2.10-1.9.1.jar"/>
					</artifact>
					<artifact name="scalatest_2.10" type="doc" ext="jar" extra-classifier="javadoc" status="successful" details="" size="20533" time="172" location="/Users/pjberry/.ivy2/cache/org.scalatest/scalatest_2.10/docs/scalatest_2.10-1.9.1-javadoc.jar">
						<origin-location is-local="false" location="http://repo1.maven.org/maven2/org/scalatest/scalatest_2.10/1.9.1/scalatest_2.10-1.9.1-javadoc.jar"/>
					</artifact>
				</artifacts>
			</revision>
		</module>
		<module organisation="org.scala-lang" name="scala-reflect">
			<revision name="2.10.0" status="release" pubdate="20121220012932" resolver="sbt-chain" artresolver="sbt-chain" homepage="http://www.scala-lang.org/" downloaded="false" searched="false" default="false" conf="default(compile), default, compile, runtime, master" position="3">
				<license name="BSD-like" url="http://www.scala-lang.org/downloads/license.html    "/>
				<metadata-artifact status="no" details="" size="2552" time="0" location="/Users/pjberry/.ivy2/cache/org.scala-lang/scala-reflect/ivy-2.10.0.xml" searched="false" origin-is-local="false" origin-location="http://repo1.maven.org/maven2/org/scala-lang/scala-reflect/2.10.0/scala-reflect-2.10.0.pom"/>
				<caller organisation="com.bitmotif" name="elementize$sources_javadoc_2.10" conf="test, compile, runtime" rev="2.10.0" rev-constraint-default="2.10.0" rev-constraint-dynamic="2.10.0" callerrev="0.1-SNAPSHOT"/>
				<artifacts>
					<artifact name="scala-reflect" type="jar" ext="jar" status="no" details="" size="3149351" time="0" location="/Users/pjberry/.ivy2/cache/org.scala-lang/scala-reflect/jars/scala-reflect-2.10.0.jar">
						<origin-location is-local="false" location="http://repo1.maven.org/maven2/org/scala-lang/scala-reflect/2.10.0/scala-reflect-2.10.0.jar"/>
					</artifact>
					<artifact name="scala-reflect" type="src" ext="jar" extra-classifier="sources" status="successful" details="" size="418349" time="246" location="/Users/pjberry/.ivy2/cache/org.scala-lang/scala-reflect/srcs/scala-reflect-2.10.0-sources.jar">
						<origin-location is-local="false" location="http://repo1.maven.org/maven2/org/scala-lang/scala-reflect/2.10.0/scala-reflect-2.10.0-sources.jar"/>
					</artifact>
					<artifact name="scala-reflect" type="doc" ext="jar" extra-classifier="javadoc" status="successful" details="" size="33515231" time="19579" location="/Users/pjberry/.ivy2/cache/org.scala-lang/scala-reflect/docs/scala-reflect-2.10.0-javadoc.jar">
						<origin-location is-local="false" location="http://repo1.maven.org/maven2/org/scala-lang/scala-reflect/2.10.0/scala-reflect-2.10.0-javadoc.jar"/>
					</artifact>
				</artifacts>
			</revision>
		</module>
		<module organisation="org.scala-lang" name="scala-actors">
			<revision name="2.10.0" status="release" pubdate="20121220013006" resolver="public" artresolver="public" homepage="http://www.scala-lang.org/" downloaded="false" searched="false" default="false" conf="default(compile), default, compile, runtime, master" position="2">
				<license name="BSD-like" url="http://www.scala-lang.org/downloads/license.html          "/>
				<metadata-artifact status="no" details="" size="2548" time="0" location="/Users/pjberry/.ivy2/cache/org.scala-lang/scala-actors/ivy-2.10.0.xml" searched="false" origin-is-local="false" origin-location="http://repo1.maven.org/maven2/org/scala-lang/scala-actors/2.10.0/scala-actors-2.10.0.pom"/>
				<caller organisation="com.bitmotif" name="elementize$sources_javadoc_2.10" conf="test, compile, runtime" rev="2.10.0" rev-constraint-default="2.10.0" rev-constraint-dynamic="2.10.0" callerrev="0.1-SNAPSHOT"/>
				<artifacts>
					<artifact name="scala-actors" type="src" ext="jar" extra-classifier="sources" status="successful" details="" size="178028" time="165" location="/Users/pjberry/.ivy2/cache/org.scala-lang/scala-actors/srcs/scala-actors-2.10.0-sources.jar">
						<origin-location is-local="false" location="http://repo1.maven.org/maven2/org/scala-lang/scala-actors/2.10.0/scala-actors-2.10.0-sources.jar"/>
					</artifact>
					<artifact name="scala-actors" type="doc" ext="jar" extra-classifier="javadoc" status="successful" details="" size="33515231" time="14223" location="/Users/pjberry/.ivy2/cache/org.scala-lang/scala-actors/docs/scala-actors-2.10.0-javadoc.jar">
						<origin-location is-local="false" location="http://repo1.maven.org/maven2/org/scala-lang/scala-actors/2.10.0/scala-actors-2.10.0-javadoc.jar"/>
					</artifact>
					<artifact name="scala-actors" type="jar" ext="jar" status="no" details="" size="451307" time="0" location="/Users/pjberry/.ivy2/cache/org.scala-lang/scala-actors/jars/scala-actors-2.10.0.jar">
						<origin-location is-local="false" location="http://repo1.maven.org/maven2/org/scala-lang/scala-actors/2.10.0/scala-actors-2.10.0.jar"/>
					</artifact>
				</artifacts>
			</revision>
		</module>
		<module organisation="org.scala-lang" name="scala-library">
			<revision name="2.10.0" status="release" pubdate="20121220012916" resolver="sbt-chain" artresolver="sbt-chain" homepage="http://www.scala-lang.org/" downloaded="false" searched="false" default="false" conf="default(compile), default, compile, runtime, master" position="0">
				<license name="BSD-like" url="http://www.scala-lang.org/downloads/license.html          "/>
				<metadata-artifact status="no" details="" size="2392" time="0" location="/Users/pjberry/.ivy2/cache/org.scala-lang/scala-library/ivy-2.10.0.xml" searched="false" origin-is-local="false" origin-location="http://repo1.maven.org/maven2/org/scala-lang/scala-library/2.10.0/scala-library-2.10.0.pom"/>
				<caller organisation="com.bitmotif" name="elementize$sources_javadoc_2.10" conf="test, compile, runtime" rev="2.10.0" rev-constraint-default="2.10.0" rev-constraint-dynamic="2.10.0" callerrev="0.1-SNAPSHOT"/>
				<artifacts>
					<artifact name="scala-library" type="doc" ext="jar" extra-classifier="javadoc" status="no" details="" size="33515231" time="0" location="/Users/pjberry/.ivy2/cache/org.scala-lang/scala-library/docs/scala-library-2.10.0-javadoc.jar">
						<origin-location is-local="false" location="http://repo1.maven.org/maven2/org/scala-lang/scala-library/2.10.0/scala-library-2.10.0-javadoc.jar"/>
					</artifact>
					<artifact name="scala-library" type="src" ext="jar" extra-classifier="sources" status="no" details="" size="1054538" time="0" location="/Users/pjberry/.ivy2/cache/org.scala-lang/scala-library/srcs/scala-library-2.10.0-sources.jar">
						<origin-location is-local="false" location="http://repo1.maven.org/maven2/org/scala-lang/scala-library/2.10.0/scala-library-2.10.0-sources.jar"/>
					</artifact>
				</artifacts>
			</revision>
		</module>
	</dependencies>
</ivy-report>
